<?xml version="1.0" encoding="UTF-8" ?>
<testsuite tests="6" failures="0" name="org.beanplanet.restclient.domain.http.HttpRequestTest" time="0.34" errors="0" skipped="0">
  <properties>
    <property name="java.runtime.name" value="Java(TM) SE Runtime Environment"/>
    <property name="sun.boot.library.path" value="D:\Apps\java\jse\jdk1.8.0_121\jre\bin"/>
    <property name="java.vm.version" value="25.121-b13"/>
    <property name="java.vm.vendor" value="Oracle Corporation"/>
    <property name="maven.multiModuleProjectDirectory" value="D:\Dev\restclient"/>
    <property name="java.vendor.url" value="http://java.oracle.com/"/>
    <property name="path.separator" value=";"/>
    <property name="guice.disable.misplaced.annotation.check" value="true"/>
    <property name="java.vm.name" value="Java HotSpot(TM) 64-Bit Server VM"/>
    <property name="file.encoding.pkg" value="sun.io"/>
    <property name="user.script" value=""/>
    <property name="user.country" value="GB"/>
    <property name="sun.java.launcher" value="SUN_STANDARD"/>
    <property name="sun.os.patch.level" value=""/>
    <property name="java.vm.specification.name" value="Java Virtual Machine Specification"/>
    <property name="user.dir" value="D:\Dev\restclient"/>
    <property name="java.runtime.version" value="1.8.0_121-b13"/>
    <property name="java.awt.graphicsenv" value="sun.awt.Win32GraphicsEnvironment"/>
    <property name="java.endorsed.dirs" value="D:\Apps\java\jse\jdk1.8.0_121\jre\lib\endorsed"/>
    <property name="os.arch" value="amd64"/>
    <property name="java.io.tmpdir" value="C:\Users\gary\AppData\Local\Temp\"/>
    <property name="line.separator" value="
"/>
    <property name="java.vm.specification.vendor" value="Oracle Corporation"/>
    <property name="user.variant" value=""/>
    <property name="os.name" value="Windows 10"/>
    <property name="classworlds.conf" value="D:\Apps\java\apache-maven-3.5.2\bin\..\bin\m2.conf"/>
    <property name="sun.jnu.encoding" value="Cp1252"/>
    <property name="java.library.path" value="D:\Apps\java\jse\jdk1.8.0_121\bin;C:\WINDOWS\Sun\Java\bin;C:\WINDOWS\system32;C:\WINDOWS;C:\WINDOWS\system32;C:\WINDOWS;C:\WINDOWS\System32\Wbem;D:\Apps\java\jse\jdk1.8.0_121\bin;c:\cygwin\bin\bin;C:\WINDOWS\System32\WindowsPowerShell\v1.0\;C:\Program Files\Git\cmd;D:\Apps\java\apache-maven-3.5.2\bin;C:\Program Files\PuTTY\;;C:\WINDOWS\System32\OpenSSH\;C:\Users\gary\AppData\Local\Microsoft\WindowsApps;C:\Users\gary\AppData\Local\atom\bin;%USERPROFILE%\AppData\Local\Microsoft\WindowsApps;;."/>
    <property name="maven.conf" value="D:\Apps\java\apache-maven-3.5.2\bin\../conf"/>
    <property name="java.specification.name" value="Java Platform API Specification"/>
    <property name="java.class.version" value="52.0"/>
    <property name="sun.management.compiler" value="HotSpot 64-Bit Tiered Compilers"/>
    <property name="os.version" value="10.0"/>
    <property name="library.jansi.path" value="D:\Apps\java\apache-maven-3.5.2\bin\..\lib\jansi-native"/>
    <property name="user.home" value="C:\Users\gary"/>
    <property name="user.timezone" value="Europe/London"/>
    <property name="java.awt.printerjob" value="sun.awt.windows.WPrinterJob"/>
    <property name="java.specification.version" value="1.8"/>
    <property name="file.encoding" value="Cp1252"/>
    <property name="user.name" value="gary"/>
    <property name="java.class.path" value="D:\Apps\java\apache-maven-3.5.2\bin\..\boot\plexus-classworlds-2.5.2.jar"/>
    <property name="java.vm.specification.version" value="1.8"/>
    <property name="sun.arch.data.model" value="64"/>
    <property name="java.home" value="D:\Apps\java\jse\jdk1.8.0_121\jre"/>
    <property name="sun.java.command" value="org.codehaus.plexus.classworlds.launcher.Launcher clean install"/>
    <property name="java.specification.vendor" value="Oracle Corporation"/>
    <property name="user.language" value="en"/>
    <property name="awt.toolkit" value="sun.awt.windows.WToolkit"/>
    <property name="java.vm.info" value="mixed mode"/>
    <property name="java.version" value="1.8.0_121"/>
    <property name="java.ext.dirs" value="D:\Apps\java\jse\jdk1.8.0_121\jre\lib\ext;C:\WINDOWS\Sun\Java\lib\ext"/>
    <property name="sun.boot.class.path" value="D:\Apps\java\jse\jdk1.8.0_121\jre\lib\resources.jar;D:\Apps\java\jse\jdk1.8.0_121\jre\lib\rt.jar;D:\Apps\java\jse\jdk1.8.0_121\jre\lib\sunrsasign.jar;D:\Apps\java\jse\jdk1.8.0_121\jre\lib\jsse.jar;D:\Apps\java\jse\jdk1.8.0_121\jre\lib\jce.jar;D:\Apps\java\jse\jdk1.8.0_121\jre\lib\charsets.jar;D:\Apps\java\jse\jdk1.8.0_121\jre\lib\jfr.jar;D:\Apps\java\jse\jdk1.8.0_121\jre\classes"/>
    <property name="sun.stderr.encoding" value="cp850"/>
    <property name="java.vendor" value="Oracle Corporation"/>
    <property name="maven.home" value="D:\Apps\java\apache-maven-3.5.2\bin\.."/>
    <property name="file.separator" value="\"/>
    <property name="java.vendor.url.bug" value="http://bugreport.sun.com/bugreport/"/>
    <property name="sun.cpu.endian" value="little"/>
    <property name="sun.io.unicode.encoding" value="UnicodeLittle"/>
    <property name="sun.stdout.encoding" value="cp850"/>
    <property name="sun.desktop" value="windows"/>
    <property name="sun.cpu.isalist" value="amd64"/>
  </properties>
  <testcase classname="org.beanplanet.restclient.domain.http.HttpRequestTest" name="getRequestUriCanIncludePathParametersWhichAreEncodedCorrectly" time="0.017"/>
  <testcase classname="org.beanplanet.restclient.domain.http.HttpRequestTest" name="getRequestUriWithBaseUriPathIsJoinedWithSpecificPath" time="0.001"/>
  <testcase classname="org.beanplanet.restclient.domain.http.HttpRequestTest" name="getRequestUriWithBaseUriQueryParamsAreJoinedWithSpecificQueryParams" time="0.052"/>
  <testcase classname="org.beanplanet.restclient.domain.http.HttpRequestTest" name="properties" time="0.268"/>
  <testcase classname="org.beanplanet.restclient.domain.http.HttpRequestTest" name="getRequestUriWithBaseUri" time="0"/>
  <testcase classname="org.beanplanet.restclient.domain.http.HttpRequestTest" name="getRequestUriWithBaseUriOverriddenWithSpecificSchemeHostnameAndPort" time="0.002"/>
</testsuite>